net.tandem
ru.crazypanda.EvilDefendersFree
com.manateeworks.barcodescanners
com.askfm
com.theangrykraken.twopictures
com.greysprings.games
com.shortround.rivalgears
com.brokendiamond.advance.car.parking.car.driver.simulator
com.ovilex.taxisim2019
com.ovilex.drivingschoolsim
com.bloop.fishtrip
com.redrobot.globaloutbreak
com.las.crazy.traffic.police.car.parking.modern.simulator
com.zuuks.bus.simulator.ultimate
com.ovilex.trucksimulatorusa
com.socialin.android.game.fishadventure
com.jima.modern.tuktuk.auto.rickshaw.driving.game.simulator
com.gss.atv.police.bike.transport.cargo.plane
com.volcano.city.airplane.pilotflight
com.blackbean.tinypuzzle
com.oil.tanker.transporter.offroad.transportgames.trucksimulator2019
com.tysonibele.questkeeper
com.ocg.cargames.extremestunt.games2020
com.grand.prison.escape.jail.breaker.adventure.game
com.pazugames.girlshairsalon
com.ratrodstudio.skateparty2lite
com.istomgames.blockycastle
com.traplight.battleslides
game.fa.superhero.ninja.fighting.games
com.fa.high.school.girls.boys.fighting
com.preystudios.mmam
com.maxgames.ageofwar1
com.md.us.police.dragon.game
com.nexters.herowars
com.ucool.hero
com.unimob.stickman.ghost2
com.sd.mma.fighting.star.boxing
com.maxgames.ageofwar1
com.md.us.police.dragon.game
com.nexters.herowars
com.ucool.hero
com.unimob.stickman.ghost2
com.sd.mma.fighting.star.boxing
age.of.civilizations.jakowski.lite
age.of.civilizations2.jakowski.lukasz.lite
com.empire.grow.rome
com.spcomes.stormdefense
com.maxgames.ageofwar1
com.sd.mma.fighting.star.boxing
com.carzyspeed2.racingcar.turbo.free
com.mobirix.hdking
com.igg.android.clashoflords2tr
com.joynow.killplane2
com.kvadgroup.photostudio
com.hit.master
net.kairosoft.android.apart_en
com.bonbeart.doorsseasons.part1
air.com.lunime.gachastudio
com.devgame.kid.e.cats.animal.doctor
com.eyougame.smzg.en
ru.foxford.foxfordtextbook
ru.uxapps.random
com.suvorov.fr_en
com.mobiletranstorapps.all.languages.translator.free.voice.translation
com.mattel.pictionaryair
com.topps.marvel
com.ninjakiwi.bftg
com.mobirix.jp.snowbrothers
com.fiveamp.pickcrafterapp
ir.resaneh1.iptv
ir.basalam.app
com.sabaidea.aparat
com.hamrah_mechanic.hamrah_mechanic
com.os.falcon.yogame.stickfighter
net.froemling.bombsquad
com.jdigamestudio.stickmanfightthegame
com.abi.move.stop.io
com.happylabs.food
com.amanotes.pamamagictwist
com.crazylabs.flip.jump.stack
com.amanotes.pamarollingtiles2
com.amanotes.pamacolorhop
com.peakx.stickfight.and.inter
com.topchopgames.skyroller
com.crazylabs.dance.school
com.spilgames.mydolphinshow
com.spilgames.UphillRush
com.tapenjoy.minigame.aovstps
com.crazylabs.soap.cutting
com.dgs.bhop
com.enteriosoft.extremebalancer3
com.dancing.tiles.magic.music.beat.saber
com.unitedfun.prod.apollo
wedding.games
com.outfit7.talkingtomjetski2
com.pl.cwc_2015
com.begma.bhoppro
com.Hoddypeak.AnnouncementMike
com.dancing.smash.hop.game.tiles.circles.beat.paino
com.princess.coloring
com.gamesforgirlsfree.dressupgames
com.nextgenreality.gunclub3
com.tabtale.candyblash
com.parkourcraft.online
uk.co.projectneon.echo
dje073.android.modernrecforge
jp.cocone.pocketcolony
com.coloring.mermaids
com.panicensuessoftware.tailendcharlie
com.gunfire.shootingelite
com.tabtale.teacher
com.tabtale.myfirstcrush
com.tabtale.babyhouse
com.pulselive.bcci.android
dje073.android.audiorecorderlite
com.piupiuapps.coloringglitterfashion
com.illuminationgames.aa3
com.droidhen.defender3
com.tabtale.daddy.daycare
tv.bcci
com.piupiuapps.puzzlekids
com.gamesforgirlsfree.mermaiddressup
com.droidhen.defender2
com.stardust.spotlight
com.Love.Story.Games.Teenage.Drama
com.ubisoft.colparis
com.libii.cheercaptain
forqan.tech.babypuzzles_edu.ads
com.coloring.girls
com.libii.princesspromnight
dk.tactile.beebrilliantblast
com.fuseboxgames.loveisland
com.mars.avgchapters
com.libii.halloweenboutique
com.libii.fashioncelebrity
com.sports.live.cricket.tv
forqan.tech.families1
com.coloring.book.animals
com.infokombinat.coloringbynumbersgirls
com.bitmango.go.gemblast
dk.tactile.lilysgarden
com.amrita.producer
org.nanobit.taboo
com.beansprites.babyunicornpandaFREE
mylittleprincess.fairy.free
uk.co.childishthings.cricketcaptain2019
forqan.tech.iq_brain_trainer
com.rms.gamesforkids.painting.helloween
com.kidsplaylearninggames.toddlercoloringbook
com.bitmango.go.jewelpoptreasureisland
mytown.wedding.free
com.swagmasha.dreamzone
com.beansprites.mypretendfairytaleFREE
mytown.pets.free
forqan.tech.shadow
com.kidsplaylearninggames.animalcoloringbook
com.bitmango.go.jewelmatchking
mytown.amusementpark.free
com.Love.Story
com.funpop.android_donut
mytown.farm.free
com.bubadu.bubbuschool
com.teamlava.fashionstory40
net.peakgames.lostbubble
net.peakgames.amy
com.paint.color.by.number.coloring.pages.pixel.art
com.piupiuapps.hairstyles
com.funpop.android_slushy
com.foxandsheep.firestation
com.color.by.number.paint.artbook
com.coloring.horse
com.teamlava.bubble
com.rvappstudios.bubble.pop.bubble.shooter.puzzle.game.match3
com.foxandsheep.hospital
com.imayi.dinopolicefree
com.bubbleshooter.mania.blast.puzzle.free
sp.app.bubblePop
com.drpanda.town.pet
beemoov.mabimbo.android
tm.app.worldClock
com.jr.cdxs.spain
br.com.tapps.fashionfever
net.hubalek.android.worldclock
com.uzmafariz.kidssongenglish
com.airasoft.belajariqro
hu.distinction.cflow
net.promediastudio.emmasjourney
com.teamlava.farmstory
com.teamlava.citystory
com.pandoomobile.MagicMania
com.joybits.doodledevil_free
net.promediastudio.blondiebrideperfectwedding
com.foranj.farmtown3
com.uzmafariz.gameedukasi
com.bluebeck.vt
com.storm8studios.citynext
com.game.BubbleTotem
com.pearlgames.villagecityislandsim
com.futureplay.city
dressupfungames.cutegirl.avatarmaker
com.sparklingsociety.cityisland2
com.futureplay.battleground
com.hotheadgames.google.free.idleproperty
com.mcu.reolink
com.hotheadgames.android.free.hydrostone
com.yunyi.smartcamera
com.foscam.foscam
ppl.unity.cubeslots
com.RocketGames.BigHitVegas
com.RocketGames.ClassicDeluxe
com.RocketGames.VegasJackpot
com.superluckycasino.hotvegas.slots.vegas.android.free
com.slots.best.android
com.genina.android.blackjack.view
mediavision.handwallet
com.safeincloud.free
com.boostedproductivity.app
us.mathlab.android
com.algeo.algeo
us.mathlab.android.frac
org.geogebra.android
com.softmath.algebrator
org.geogebra.android.g3d
com.ycc365plus.aws
com.devsense.symbolab
com.cymath.cymath
app.dogo.com.dogo_android
com.chegg
com.tinymission.dailyarmworkoutfree
com.academia.academia
com.nsc.pf.free
melstudio.myogafat
com.ahbgames.cultura
com.songsterr
com.reducebellyfatformen.losebellyfatformen
air.com.flaregames.wordon
com.kaylaitsines.sweatwithkayla
se.maginteractive.worddomination
com.firecrackersw.wordbreaker
com.hbwares.wordfeud.free
com.mma.spartan
com.zynga.words3
word.tailor.match.game.en
com.bigfishgames.dungeonbossf2pgoogle
com.onethumbmobile.celticheroes
com.shvagerfm.squats
com.igg.android.mobileroyale
map.gps.runningforweightloss.runningtracker
com.shvagerfm.Pullupspro
com.pancakegames.bw
com.bw.fallensouls
com.igg.castleclash
net.beginners.weight.loss.workout.women.yoga.go
musclebooster.workout.home.gym.abs.loseweight
it.rortos.f18carrierlandinglite
com.mmde.crimsonwarden1
com.nivalvr.inmind
com.sleepingbeastgames.spaceteam
com.shapr
rs.telegraf.io
com.dodamgames.aos.sweetfruitpop
com.igg.android.conquerors2
cz.alza.eshop
com.superbox.aos.fruitpop
com.kevinbradford.games.secondgradefree
cz.sledovanitv.android
com.iz.my.doctor.hospital.kids.world.life.town.pretend.play.games
com.prineside.tdi
com.citrix.Receiver
com.fiberlink.maas360.android.control
com.byril.alchemyanimals
tv.vintera.smarttv.v2
com.progdvb.progtva
com.wardrumstudios.auralux
com.miga.myhospital
com.byril.alchemy
com.smart.m3u8.player.iptv
com.nousguide.android.orftvthek
com.appfamily.PegPuzzle2
com.miga.myvacation
com.miga.mypets
com.recloak.littlealchemy2
com.monstronauts.potionpunch
com.esys.satfinder
com.recloak.littlealchemyhints
com.tocaboca.tocakitchen
com.playtoddlers.happydaycarestories.free
com.chinzilla.littlealchemist.google
com.kalay.equalizer
com.TechTreeGames.ZenIdle
com.disney.wheresmywater2_goo
net.colorcity.loolookids
de.swm.mvgfahrinfo.muenchen
de.taxfix
com.faithcomesbyhearing.android.bibleis
com.verisure.securitasdirect.owa
com.imayi.dinopark4free
com.imayi.jurassicdigfree
com.imayi.dinoislandfree
bibleverses.bibleverse.bible.biblia.verse.devotion
ch.publisheria.bring
com.sinyee.babybus.natural
bible.wordgame.words.connect.crossword.cookies
com.oriflame.oriflame
com.faberlic
com.github.jamesgay.fitnotes
com.l
com.sinyee.babybus.behaviour
com.iherb
goldapple.ru.goldapple.customers
com.chatium.app
jakiganicsystems.simplestchecklist
com.sinyee.babybus.garden
com.joom
com.bosquedefantasias.cuentos
com.fishmy.android
com.lily.times.dog1.all
apps.r.calculator
com.gramgames.london.tentencolor
com.gramgames.london.mergegems
com.zepni.catcondo2
com.YovoGames.trainwash
com.indigokids.mim
com.psvn.traumatologist
com.gramgames.mergetown
com.minogames.cats.client
com.hiza.pj009.main
com.idlezoo.game
com.masha_and_bear.rockstar
com.EducaGames.DinoTim
com.skymoons.kittenmatch
com.appspot.orium_blog.crossword.eng
com.SensoryPlayApps.SensoryFishFree
com.mhriley.spendingtracker
com.pixowl.tsb2
com.pixowl.thesandbox.android
com.appspot.orium_blog.crossword
com.cleevio.spendee
com.youneedabudget.evergreen.app
com.monefy.app.lite
com.mkarpenko.worldbox
org.korosoft.simplenotepad.android
com.dingogames.clumsycat
brilliant.sari
com.realbyteapps.moneymanagerfree
com.droid4you.application.wallet
com.gamefirst.free.strategy.god.simulator
net.fast_notepad_notes_app.fastnotepad
notepad.note.notas.notes.notizen
br.com.tapps.donotdisturb2
com.somcloud.somnote
com.pixelcrater.Diaro
com.journey.app
com.hitbytes.minidiarynotes
mydiary.journal.diary.diarywithlock.diaryjournal.secretdiary
com.ilyabogdanovich.geotracker
com.location.test
flashcards.words.words
info.swappdevmobile.lbgooglemap
com.glympse.android.glympse
com.kaisquare.location
com.storytoys.chuggington.wearethechuggineers.free.android.googleplay
com.superbyte.studybunny
com.gpsnavigation.maps.gpsroutefinder.routemap
com.lego.duplo.train
kr.co.rinasoft.yktime
com.jvstudios.gpstracker
com.gai.GPS.map.navigation
tat.example.ildar.seer
com.tomtom.gplay.navapp
com.lego.legobuildinginstructions
componentspinout.ammsoft.componentspinout
com.free.music.ringtones.download.ringtoneapp.mow
Orion.Soft
com.viamichelin.android.viamichelinmobile
com.lego.catalogue.global
com.veitch.themelodymaster.pmf
com.bestringtonesapps.popularringtones
com.bingoringtones.ldrts
com.mwm.piano
com.tiltangames.dinopuzzle
org.eobdfacile.android
jp.neoscorp.edu.shinchan
com.rottzgames.realjigsaw
com.ovz.carscanner
com.apalon.ringtones
com.turner.cnpartydash
info.kfsoft.android.MyRemote
com.rottzgames.mastermind
com.mobirix.jigsawking
com.clogica.mp3amplifier
com.applisto.appcloner.premium
com.edujoy.Word_Search
com.quizizz_mobile
com.trivia.star.android
com.game.blockslidergame
netgenius.bizcal
com.inconceptlabs.liveboard
ru.rian.reader
com.mentimeter.voting
com.sonypicturestelevision.jeopardy2
ru.mail.mailnews
com.wallwisher.Padlet
com.sonypicturestelevision.zombieland
com.sonypicturestelevision.mib
com.sonypicturestelevision.millionaire
musicplayer.equalizer.bassboost
bassbooster.equalizer.bass
com.blackboard.android.bbstudent
app.getloaded.bitcoinblast
com.submarineapps.mill
com.colorfeel.crossstitch
ru.yandex.mail
kx.music.equalizer.player
com.bling.bitcoinblocks
com.colorfeel.coloring
music.volume.equalizer.bassbooster.virtualizer.gold_style
coocent.app.photo.editor.effect
com.blackberry.hub
com.mobileiron
com.colors.by.number.no.diamond
com.jdpapps.paintmandalas
com.magic.paint.pixel.art.color.by.number
air.com.nikaent.fm.intl
com.skydot.docxreader.docx.docxviewer.document.doc.office.viewer.reader.word
com.apalon.mandala.coloring.book
com.documentreader.documentapp.filereader
com.officedocument.word.docx.document.viewer
cn.wps.moffice_eng
com.solotech.apps.document.viewer.reader.scaner.pdfreader
com.mobisystems.office
cn.wps.moffice_extra
com.infraware.office.link
pro.cloudteam.emojinationtest
pdf.pdfreader.pdfviewer.pdfeditor
brain.teasers.logic.puzzles.riddles
com.upopa.hopeless
com.msi.tron3dv2
com.upopa.hopeless2
com.ghostery.android.ghostery
it.nikodroid.offline
com.psp.brainmindgames
jalfonso.brain.games
com.hitcents.battlepillars
com.Geography.Quiz.Game
com.dmkho.lbldemo
godlinestudios.MathGames
com.snoutup.baconmaydie
org.coolreader
repair.system.phone
org.geometerplus.zlibrary.ui.android
com.neverland.alreader
com.idea.PhoneDoctorPlus
com.spryfox.GiantSword
com.etermax.wordcrack.lite
com.quarzo.crosswords
com.despdev.weight_loss_calculator
com.gamenauts.ninjafishingfull
com.berniiiiiiii.palabrascruzadas
cz.psc.android.kaloricketabulky
com.uk.best.cross.word.game
air.ru.sold.fat.burner.beta
com.tinytitanstudios.DashQuest
de.lochmann.kreuzwortraetsel
ru.harmonicsoft.caloriecounter
com.ustwo.monumentvalley
com.triadastudio.shadowmatic
com.mousecity.faraway
com.idleif.abyssrium
com.mousecity.faraway3
com.tapastic
com.mousecity.escapemachinecity
com.qidian.Int.reader
ee.Javelin.SpotlightRoomEscape2
ee.Javelin.SpotlightRoomEscape
com.ogurecapps.box
com.ogurecapps.box2
air.com.bartbonte.thebox
com.embermitre.hanping.app.lite
com.shopify.mobile
com.chrystianvieyra.physicstoolboxsuite
com.prettysimple.cctheconspiracyandroid
com.Goblinz.TrueFear
com.skypaw.multi_measures
de.convisual.bosch.toolbox2
kr.aboy.tools
com.zodinplex.naturesound
com.appsir.dereevilexegp
com.HirayaSpace.SevenYears
com.teamsignal.opus01
com.clarendon128.android.widget.stickynote
com.happyneko.stickit
com.sunnysidesoft.VirtualTablet.lite
com.hovans.autoguard
com.hualai
com.arlo.app
com.hjsolution.android.allphotoframeapp
com.whilerain.guitartuner
com.tao.wiz
com.soundlim.panotuner
com.ukuleletuner
com.photo.collage.collageimage.photocollage
pl.netigen.simpleviolintuner
org.cohortor.gstrings
com.tortuga.stories
photoart.collagemaker.picgrid.edit.photoframe
com.brainting.carltune
com.dhqsolutions.enjoyphoto
com.binghuo.photogrid.collagemaker
com.sunraygames.bearflipworld.android
com.cardinalblue.piccollage.google
com.eg.antarctica88
com.rabugentom.chordfree
com.photofy.android
com.cyo.comicrack.viewer.free
com.mwm.guitartuner
com.g5e.match3pg.android
pl.idreams.jellyband
org.kill.geek.bdviewer
com.viewer.comicscreen
ru.zed.kiosk
com.flyersoft.moonreader
com.aldiko.classic
lior.hai.soundanalyzertest
ru.ee
com.nimblebit.discozoo
com.tapclap.piratetreasures2
com.enp.food2.google
com.scribd.app.reader0
com.adobe.digitaleditions
com.orangeapps.piratetreasure
com.nimblebit.pocketfrogs
com.playflock.indicatfb
com.number.draw.ly.color.by.number.pixel.art.sandbox.coloring
com.adobe.comp
com.netigen.metronomedemo
com.playflock.indianacat
ru.publishing1c.heroes
com.europosit.polygon2d.coloringpuzzle
com.crazylabs.voxel.coloring
pl.netigen.pianolessons
com.onlinepianist.onlinepianist
com.rubycell.pianisthd
com.flowkey.app
com.rvappstudios.ice.cream.paradise.match3
com.agminstruments.drumpadmachine
com.alexpp.mpa
air.com.sgn.cookiejam.gp
air.ru.underair.city2048
com.bluesoft.clonappmessenger
com.arcinfoway.flashlight
com.mixvibes.remixlive
com.pash.piano
com.heyy.messenger.launch
