org.toshi
com.coinbase.android
com.coinbase.pro
com.hamsoft.photo.selfie
com.gamovation.quickcheckers
com.gravitysensation.igoof
com.de.police.prado.chase.real.gangster.crime
com.giantssoftware.fs16
age.of.civilizations.jakowski.lite
com.GameCoaster.ProtectDungeon
com.skytecgames.survival
com.uysal.wifi
com.gsm.overdrivepremium
com.quanticapps.remotelgtvs
com.robotinvader.fooding
com.Bravestars.Stickman.FightingGames.ShadowOfDeath2
com.zigzagame.evertale
com.kwalee.dropstuff
br.com.tapps.evolutiongalaxy
pl.moniusoft.ispeedtest
net.ploosh.farm
com.ninjakiwi.bloonstd6
com.darkarrow.stickfighter.saiyan.vip
com.ninjakiwi.bloonstd5
com.Alper.GravityProject
com.nintendo.zama
com.bonbeart.doorsseasons.part1
edu.cornell.gdiac.underhand
br.com.tapps.evolutiongalaxy
com.mnightt.slices
com.protey.doors_puzzle_box
br.com.tapps.cowevolution
com.ninjakiwi.bloonstd6
com.darkarrow.stickfighter.saiyan.vip
com.ninjakiwi.bloonstd5
com.Alper.GravityProject
com.nintendo.zama
com.webprancer.google.gdseason
com.BeanstarGamesInc.WordGames
com.berkbox.racehorse
com.ironhidegames.android.kingdomrushfrontiers
ninja.sesame.app.edge
com.caddish_hedgehog.hedgecam2
